  [1m[35m (594.8ms)[0m  [1m[35mCREATE DATABASE "cloud_notes_development" ENCODING = 'unicode'[0m
  [1m[35m (415.4ms)[0m  [1m[35mCREATE DATABASE "cloud_notes_test" ENCODING = 'unicode'[0m
  [1m[35m (42.1ms)[0m  [1m[35mCREATE TABLE "schema_migrations" ("version" character varying NOT NULL PRIMARY KEY)[0m
  [1m[35m (46.6ms)[0m  [1m[35mCREATE TABLE "ar_internal_metadata" ("key" character varying NOT NULL PRIMARY KEY, "value" character varying, "created_at" timestamp(6) NOT NULL, "updated_at" timestamp(6) NOT NULL)[0m
  [1m[35m (0.4ms)[0m  [1m[34mSELECT pg_try_advisory_lock(3726688973047103700)[0m
  [1m[35m (0.8ms)[0m  [1m[34mSELECT "schema_migrations"."version" FROM "schema_migrations" ORDER BY "schema_migrations"."version" ASC[0m
Migrating to CreateUsers (20190919223438)
  [1m[35m (0.2ms)[0m  [1m[35mBEGIN[0m
  [1m[35m (44.0ms)[0m  [1m[35mCREATE TABLE "users" ("id" bigserial primary key, "username" character varying, "email" character varying, "password_digest" character varying, "created_at" timestamp(6) NOT NULL, "updated_at" timestamp(6) NOT NULL)[0m
  [1m[36mprimary::SchemaMigration Create (1.7ms)[0m  [1m[32mINSERT INTO "schema_migrations" ("version") VALUES ($1) RETURNING "version"[0m  [["version", "20190919223438"]]
  [1m[35m (2.1ms)[0m  [1m[35mCOMMIT[0m
Migrating to CreateNotes (20190919225615)
  [1m[35m (26.0ms)[0m  [1m[35mBEGIN[0m
  [1m[35m (18.3ms)[0m  [1m[35mCREATE TABLE "notes" ("id" bigserial primary key, "comment" character varying, "user_id" bigint NOT NULL, "created_at" timestamp(6) NOT NULL, "updated_at" timestamp(6) NOT NULL, CONSTRAINT "fk_rails_7f2323ad43"
FOREIGN KEY ("user_id")
  REFERENCES "users" ("id")
)[0m
  [1m[35m (4.1ms)[0m  [1m[35mCREATE  INDEX  "index_notes_on_user_id" ON "notes"  ("user_id")[0m
  [1m[36mprimary::SchemaMigration Create (0.3ms)[0m  [1m[32mINSERT INTO "schema_migrations" ("version") VALUES ($1) RETURNING "version"[0m  [["version", "20190919225615"]]
  [1m[35m (1.5ms)[0m  [1m[35mCOMMIT[0m
  [1m[36mActiveRecord::InternalMetadata Load (0.3ms)[0m  [1m[34mSELECT "ar_internal_metadata".* FROM "ar_internal_metadata" WHERE "ar_internal_metadata"."key" = $1 LIMIT $2[0m  [["key", "environment"], ["LIMIT", 1]]
  [1m[35m (0.2ms)[0m  [1m[35mBEGIN[0m
  [1m[36mActiveRecord::InternalMetadata Create (0.6ms)[0m  [1m[32mINSERT INTO "ar_internal_metadata" ("key", "value", "created_at", "updated_at") VALUES ($1, $2, $3, $4) RETURNING "key"[0m  [["key", "environment"], ["value", "development"], ["created_at", "2019-09-19 23:10:32.882851"], ["updated_at", "2019-09-19 23:10:32.882851"]]
  [1m[35m (40.7ms)[0m  [1m[35mCOMMIT[0m
  [1m[35m (1.7ms)[0m  [1m[34mSELECT pg_advisory_unlock(3726688973047103700)[0m
  [1m[35m (0.7ms)[0m  [1m[34mSELECT "schema_migrations"."version" FROM "schema_migrations" ORDER BY "schema_migrations"."version" ASC[0m
  [1m[35m (5.2ms)[0m  [1m[34mSELECT "schema_migrations"."version" FROM "schema_migrations" ORDER BY "schema_migrations"."version" ASC[0m
  [1m[35m (0.3ms)[0m  [1m[35mBEGIN[0m
  [1m[36mUser Exists? (44.0ms)[0m  [1m[34mSELECT 1 AS one FROM "users" WHERE "users"."username" = $1 LIMIT $2[0m  [["username", "Jorge"], ["LIMIT", 1]]
  [1m[36mUser Exists? (0.5ms)[0m  [1m[34mSELECT 1 AS one FROM "users" WHERE "users"."email" = $1 LIMIT $2[0m  [["email", "j@esparza.com"], ["LIMIT", 1]]
  [1m[36mUser Create (35.3ms)[0m  [1m[32mINSERT INTO "users" ("username", "email", "password_digest", "created_at", "updated_at") VALUES ($1, $2, $3, $4, $5) RETURNING "id"[0m  [["username", "Jorge"], ["email", "j@esparza.com"], ["password_digest", "$2a$12$GX9cfCeNgylTT4rvzj58RuvWXWyFc.7VTJnVTV7M/P1.ZWXj44M3e"], ["created_at", "2019-09-21 19:46:01.977725"], ["updated_at", "2019-09-21 19:46:01.977725"]]
  [1m[35m (1.4ms)[0m  [1m[35mCOMMIT[0m
  [1m[35m (0.6ms)[0m  [1m[34mSELECT "schema_migrations"."version" FROM "schema_migrations" ORDER BY "schema_migrations"."version" ASC[0m
  [1m[35m (1.1ms)[0m  [1m[35mBEGIN[0m
  [1m[36mUser Exists? (43.1ms)[0m  [1m[34mSELECT 1 AS one FROM "users" WHERE "users"."username" = $1 LIMIT $2[0m  [["username", "Jorge"], ["LIMIT", 1]]
  [1m[36mUser Exists? (0.5ms)[0m  [1m[34mSELECT 1 AS one FROM "users" WHERE "users"."email" = $1 LIMIT $2[0m  [["email", "j@esparza.com"], ["LIMIT", 1]]
  [1m[35m (0.3ms)[0m  [1m[31mROLLBACK[0m
  [1m[35m (0.7ms)[0m  [1m[34mSELECT "schema_migrations"."version" FROM "schema_migrations" ORDER BY "schema_migrations"."version" ASC[0m
  [1m[35m (3.1ms)[0m  [1m[34mSELECT "ar_internal_metadata"."value" FROM "ar_internal_metadata" WHERE "ar_internal_metadata"."key" = $1[0m  [["key", "environment"]]
  [1m[35m (0.6ms)[0m  [1m[34mSELECT "schema_migrations"."version" FROM "schema_migrations" ORDER BY "schema_migrations"."version" ASC[0m
  [1m[35m (0.3ms)[0m  [1m[34mSELECT "ar_internal_metadata"."value" FROM "ar_internal_metadata" WHERE "ar_internal_metadata"."key" = $1[0m  [["key", "environment"]]
  [1m[35m (0.3ms)[0m  [1m[34mSELECT "schema_migrations"."version" FROM "schema_migrations" ORDER BY "schema_migrations"."version" ASC[0m
  [1m[35m (0.2ms)[0m  [1m[34mSELECT "ar_internal_metadata"."value" FROM "ar_internal_metadata" WHERE "ar_internal_metadata"."key" = $1[0m  [["key", "environment"]]
  [1m[35m (243.9ms)[0m  [1m[35mDROP DATABASE IF EXISTS "cloud_notes_development"[0m
  [1m[35m (233.7ms)[0m  [1m[35mDROP DATABASE IF EXISTS "cloud_notes_test"[0m
  [1m[35m (562.9ms)[0m  [1m[35mCREATE DATABASE "cloud_notes_development" ENCODING = 'unicode'[0m
  [1m[35m (476.4ms)[0m  [1m[35mCREATE DATABASE "cloud_notes_test" ENCODING = 'unicode'[0m
  [1m[35mSQL (2.1ms)[0m  [1m[35mCREATE EXTENSION IF NOT EXISTS "plpgsql"[0m
  [1m[35m (1.7ms)[0m  [1m[35mDROP TABLE IF EXISTS "notes" CASCADE[0m
  [1m[35m (30.2ms)[0m  [1m[35mCREATE TABLE "notes" ("id" bigserial primary key, "comment" character varying, "user_id" bigint NOT NULL, "created_at" timestamp(6) NOT NULL, "updated_at" timestamp(6) NOT NULL)[0m
  [1m[35m (4.7ms)[0m  [1m[35mCREATE  INDEX  "index_notes_on_user_id" ON "notes"  ("user_id")[0m
  [1m[35m (0.2ms)[0m  [1m[35mDROP TABLE IF EXISTS "users" CASCADE[0m
  [1m[35m (6.5ms)[0m  [1m[35mCREATE TABLE "users" ("id" bigserial primary key, "username" character varying, "email" character varying, "password_digest" character varying, "created_at" timestamp(6) NOT NULL, "updated_at" timestamp(6) NOT NULL)[0m
  [1m[35m (40.3ms)[0m  [1m[35mALTER TABLE "notes" ADD CONSTRAINT "fk_rails_7f2323ad43"
FOREIGN KEY ("user_id")
  REFERENCES "users" ("id")
[0m
  [1m[35m (8.3ms)[0m  [1m[35mCREATE TABLE "schema_migrations" ("version" character varying NOT NULL PRIMARY KEY)[0m
  [1m[35m (0.9ms)[0m  [1m[34mSELECT "schema_migrations"."version" FROM "schema_migrations" ORDER BY "schema_migrations"."version" ASC[0m
  [1m[35m (1.9ms)[0m  [1m[32mINSERT INTO "schema_migrations" (version) VALUES (20190919225615)[0m
  [1m[35m (1.6ms)[0m  [1m[32mINSERT INTO "schema_migrations" (version) VALUES
(20190919223438);

[0m
  [1m[35m (7.8ms)[0m  [1m[35mCREATE TABLE "ar_internal_metadata" ("key" character varying NOT NULL PRIMARY KEY, "value" character varying, "created_at" timestamp(6) NOT NULL, "updated_at" timestamp(6) NOT NULL)[0m
  [1m[36mActiveRecord::InternalMetadata Load (0.9ms)[0m  [1m[34mSELECT "ar_internal_metadata".* FROM "ar_internal_metadata" WHERE "ar_internal_metadata"."key" = $1 LIMIT $2[0m  [["key", "environment"], ["LIMIT", 1]]
  [1m[35m (0.3ms)[0m  [1m[35mBEGIN[0m
  [1m[36mActiveRecord::InternalMetadata Create (0.7ms)[0m  [1m[32mINSERT INTO "ar_internal_metadata" ("key", "value", "created_at", "updated_at") VALUES ($1, $2, $3, $4) RETURNING "key"[0m  [["key", "environment"], ["value", "development"], ["created_at", "2019-09-21 19:48:46.725743"], ["updated_at", "2019-09-21 19:48:46.725743"]]
  [1m[35m (1.4ms)[0m  [1m[35mCOMMIT[0m
  [1m[36mActiveRecord::InternalMetadata Load (0.3ms)[0m  [1m[34mSELECT "ar_internal_metadata".* FROM "ar_internal_metadata" WHERE "ar_internal_metadata"."key" = $1 LIMIT $2[0m  [["key", "environment"], ["LIMIT", 1]]
  [1m[36mActiveRecord::InternalMetadata Load (0.3ms)[0m  [1m[34mSELECT "ar_internal_metadata".* FROM "ar_internal_metadata" WHERE "ar_internal_metadata"."key" = $1 LIMIT $2[0m  [["key", "schema_sha1"], ["LIMIT", 1]]
  [1m[35m (0.2ms)[0m  [1m[35mBEGIN[0m
  [1m[36mActiveRecord::InternalMetadata Create (0.3ms)[0m  [1m[32mINSERT INTO "ar_internal_metadata" ("key", "value", "created_at", "updated_at") VALUES ($1, $2, $3, $4) RETURNING "key"[0m  [["key", "schema_sha1"], ["value", "80656e9b233a077c1d15912a49f16b8e660a5a71"], ["created_at", "2019-09-21 19:48:46.739713"], ["updated_at", "2019-09-21 19:48:46.739713"]]
  [1m[35m (20.5ms)[0m  [1m[35mCOMMIT[0m
  [1m[35mSQL (0.4ms)[0m  [1m[35mCREATE EXTENSION IF NOT EXISTS "plpgsql"[0m
  [1m[35m (0.2ms)[0m  [1m[35mDROP TABLE IF EXISTS "notes" CASCADE[0m
  [1m[35m (9.0ms)[0m  [1m[35mCREATE TABLE "notes" ("id" bigserial primary key, "comment" character varying, "user_id" bigint NOT NULL, "created_at" timestamp(6) NOT NULL, "updated_at" timestamp(6) NOT NULL)[0m
  [1m[35m (3.7ms)[0m  [1m[35mCREATE  INDEX  "index_notes_on_user_id" ON "notes"  ("user_id")[0m
  [1m[35m (0.3ms)[0m  [1m[35mDROP TABLE IF EXISTS "users" CASCADE[0m
  [1m[35m (6.6ms)[0m  [1m[35mCREATE TABLE "users" ("id" bigserial primary key, "username" character varying, "email" character varying, "password_digest" character varying, "created_at" timestamp(6) NOT NULL, "updated_at" timestamp(6) NOT NULL)[0m
  [1m[35m (3.5ms)[0m  [1m[35mALTER TABLE "notes" ADD CONSTRAINT "fk_rails_7f2323ad43"
FOREIGN KEY ("user_id")
  REFERENCES "users" ("id")
[0m
  [1m[35m (6.2ms)[0m  [1m[35mCREATE TABLE "schema_migrations" ("version" character varying NOT NULL PRIMARY KEY)[0m
  [1m[35m (0.8ms)[0m  [1m[34mSELECT "schema_migrations"."version" FROM "schema_migrations" ORDER BY "schema_migrations"."version" ASC[0m
  [1m[35m (1.8ms)[0m  [1m[32mINSERT INTO "schema_migrations" (version) VALUES (20190919225615)[0m
  [1m[35m (1.5ms)[0m  [1m[32mINSERT INTO "schema_migrations" (version) VALUES
(20190919223438);

[0m
  [1m[35m (5.2ms)[0m  [1m[35mCREATE TABLE "ar_internal_metadata" ("key" character varying NOT NULL PRIMARY KEY, "value" character varying, "created_at" timestamp(6) NOT NULL, "updated_at" timestamp(6) NOT NULL)[0m
  [1m[36mActiveRecord::InternalMetadata Load (0.3ms)[0m  [1m[34mSELECT "ar_internal_metadata".* FROM "ar_internal_metadata" WHERE "ar_internal_metadata"."key" = $1 LIMIT $2[0m  [["key", "environment"], ["LIMIT", 1]]
  [1m[35m (0.2ms)[0m  [1m[35mBEGIN[0m
  [1m[36mActiveRecord::InternalMetadata Create (0.5ms)[0m  [1m[32mINSERT INTO "ar_internal_metadata" ("key", "value", "created_at", "updated_at") VALUES ($1, $2, $3, $4) RETURNING "key"[0m  [["key", "environment"], ["value", "development"], ["created_at", "2019-09-21 19:48:46.890055"], ["updated_at", "2019-09-21 19:48:46.890055"]]
  [1m[35m (1.3ms)[0m  [1m[35mCOMMIT[0m
  [1m[36mActiveRecord::InternalMetadata Load (0.3ms)[0m  [1m[34mSELECT "ar_internal_metadata".* FROM "ar_internal_metadata" WHERE "ar_internal_metadata"."key" = $1 LIMIT $2[0m  [["key", "environment"], ["LIMIT", 1]]
  [1m[35m (0.2ms)[0m  [1m[35mBEGIN[0m
  [1m[36mActiveRecord::InternalMetadata Update (2.0ms)[0m  [1m[33mUPDATE "ar_internal_metadata" SET "value" = $1, "updated_at" = $2 WHERE "ar_internal_metadata"."key" = $3[0m  [["value", "test"], ["updated_at", "2019-09-21 19:48:46.897831"], ["key", "environment"]]
  [1m[35m (1.4ms)[0m  [1m[35mCOMMIT[0m
  [1m[36mActiveRecord::InternalMetadata Load (0.3ms)[0m  [1m[34mSELECT "ar_internal_metadata".* FROM "ar_internal_metadata" WHERE "ar_internal_metadata"."key" = $1 LIMIT $2[0m  [["key", "schema_sha1"], ["LIMIT", 1]]
  [1m[35m (0.2ms)[0m  [1m[35mBEGIN[0m
  [1m[36mActiveRecord::InternalMetadata Create (0.3ms)[0m  [1m[32mINSERT INTO "ar_internal_metadata" ("key", "value", "created_at", "updated_at") VALUES ($1, $2, $3, $4) RETURNING "key"[0m  [["key", "schema_sha1"], ["value", "80656e9b233a077c1d15912a49f16b8e660a5a71"], ["created_at", "2019-09-21 19:48:46.906919"], ["updated_at", "2019-09-21 19:48:46.906919"]]
  [1m[35m (1.5ms)[0m  [1m[35mCOMMIT[0m
  [1m[35m (0.7ms)[0m  [1m[34mSELECT "schema_migrations"."version" FROM "schema_migrations" ORDER BY "schema_migrations"."version" ASC[0m
  [1m[35m (0.3ms)[0m  [1m[35mBEGIN[0m
  [1m[36mUser Exists? (1.6ms)[0m  [1m[34mSELECT 1 AS one FROM "users" WHERE "users"."username" = $1 LIMIT $2[0m  [["username", "Jorge"], ["LIMIT", 1]]
  [1m[36mUser Exists? (0.5ms)[0m  [1m[34mSELECT 1 AS one FROM "users" WHERE "users"."email" = $1 LIMIT $2[0m  [["email", "j@esparza.com"], ["LIMIT", 1]]
  [1m[36mUser Create (1.1ms)[0m  [1m[32mINSERT INTO "users" ("username", "email", "password_digest", "created_at", "updated_at") VALUES ($1, $2, $3, $4, $5) RETURNING "id"[0m  [["username", "Jorge"], ["email", "j@esparza.com"], ["password_digest", "$2a$12$XLazHb6KE9AVuqDWiPfvb.YsaUqWbVcrB6xJXAibO5zxtSR8qz2gm"], ["created_at", "2019-09-21 19:48:47.234716"], ["updated_at", "2019-09-21 19:48:47.234716"]]
  [1m[35m (0.5ms)[0m  [1m[35mCOMMIT[0m
  [1m[35m (0.2ms)[0m  [1m[35mBEGIN[0m
  [1m[36mUser Load (0.3ms)[0m  [1m[34mSELECT "users".* FROM "users" WHERE "users"."id" = $1 LIMIT $2[0m  [["id", 1], ["LIMIT", 1]]
  [1m[36mNote Create (43.6ms)[0m  [1m[32mINSERT INTO "notes" ("comment", "user_id", "created_at", "updated_at") VALUES ($1, $2, $3, $4) RETURNING "id"[0m  [["comment", "Please Don't delete this one, only edit works on this one!"], ["user_id", 1], ["created_at", "2019-09-21 19:48:47.269607"], ["updated_at", "2019-09-21 19:48:47.269607"]]
  [1m[35m (1.5ms)[0m  [1m[35mCOMMIT[0m
  [1m[35m (0.3ms)[0m  [1m[35mBEGIN[0m
  [1m[36mUser Load (0.4ms)[0m  [1m[34mSELECT "users".* FROM "users" WHERE "users"."id" = $1 LIMIT $2[0m  [["id", 1], ["LIMIT", 1]]
  [1m[36mNote Create (0.7ms)[0m  [1m[32mINSERT INTO "notes" ("comment", "user_id", "created_at", "updated_at") VALUES ($1, $2, $3, $4) RETURNING "id"[0m  [["comment", "second note!!"], ["user_id", 1], ["created_at", "2019-09-21 19:48:47.324977"], ["updated_at", "2019-09-21 19:48:47.324977"]]
  [1m[35m (1.3ms)[0m  [1m[35mCOMMIT[0m
  [1m[35m (0.2ms)[0m  [1m[35mBEGIN[0m
  [1m[36mUser Load (0.3ms)[0m  [1m[34mSELECT "users".* FROM "users" WHERE "users"."id" = $1 LIMIT $2[0m  [["id", 1], ["LIMIT", 1]]
  [1m[36mNote Create (0.4ms)[0m  [1m[32mINSERT INTO "notes" ("comment", "user_id", "created_at", "updated_at") VALUES ($1, $2, $3, $4) RETURNING "id"[0m  [["comment", "third note!!"], ["user_id", 1], ["created_at", "2019-09-21 19:48:47.346942"], ["updated_at", "2019-09-21 19:48:47.346942"]]
  [1m[35m (13.6ms)[0m  [1m[35mCOMMIT[0m
  [1m[35m (0.2ms)[0m  [1m[35mBEGIN[0m
  [1m[36mUser Load (0.3ms)[0m  [1m[34mSELECT "users".* FROM "users" WHERE "users"."id" = $1 LIMIT $2[0m  [["id", 1], ["LIMIT", 1]]
  [1m[36mNote Create (0.4ms)[0m  [1m[32mINSERT INTO "notes" ("comment", "user_id", "created_at", "updated_at") VALUES ($1, $2, $3, $4) RETURNING "id"[0m  [["comment", "fourth note!!"], ["user_id", 1], ["created_at", "2019-09-21 19:48:47.367711"], ["updated_at", "2019-09-21 19:48:47.367711"]]
  [1m[35m (1.2ms)[0m  [1m[35mCOMMIT[0m
  [1m[35m (0.2ms)[0m  [1m[35mBEGIN[0m
  [1m[36mUser Load (0.3ms)[0m  [1m[34mSELECT "users".* FROM "users" WHERE "users"."id" = $1 LIMIT $2[0m  [["id", 1], ["LIMIT", 1]]
  [1m[36mNote Create (0.4ms)[0m  [1m[32mINSERT INTO "notes" ("comment", "user_id", "created_at", "updated_at") VALUES ($1, $2, $3, $4) RETURNING "id"[0m  [["comment", "fifth note!!"], ["user_id", 1], ["created_at", "2019-09-21 19:48:47.374823"], ["updated_at", "2019-09-21 19:48:47.374823"]]
  [1m[35m (1.3ms)[0m  [1m[35mCOMMIT[0m
Started POST "/auth/login" for ::1 at 2019-09-21 16:14:02 -0400
  [1m[35m (0.7ms)[0m  [1m[34mSELECT "schema_migrations"."version" FROM "schema_migrations" ORDER BY "schema_migrations"."version" ASC[0m
Processing by AuthenticationController#login as HTML
  Parameters: {"username"=>"Jorge", "email"=>"", "password"=>"[FILTERED]", "authentication"=>{"username"=>"Jorge", "email"=>"", "password"=>"[FILTERED]"}}
  [1m[36mUser Load (0.6ms)[0m  [1m[34mSELECT "users".* FROM "users" WHERE "users"."username" = $1 LIMIT $2[0m  [["username", "Jorge"], ["LIMIT", 1]]
  ↳ app/controllers/authentication_controller.rb:5:in `login'
Completed 500 Internal Server Error in 458ms (ActiveRecord: 6.0ms | Allocations: 43576)


  
NoMethodError (undefined method `encode' for #<AuthenticationController:0x00007fc95b979a60>):
  
app/controllers/authentication_controller.rb:7:in `login'
Started POST "/auth/login" for ::1 at 2019-09-21 16:14:05 -0400
Processing by AuthenticationController#login as HTML
  Parameters: {"username"=>"Jorge", "email"=>"", "password"=>"[FILTERED]", "authentication"=>{"username"=>"Jorge", "email"=>"", "password"=>"[FILTERED]"}}
  [1m[36mUser Load (0.4ms)[0m  [1m[34mSELECT "users".* FROM "users" WHERE "users"."username" = $1 LIMIT $2[0m  [["username", "Jorge"], ["LIMIT", 1]]
  ↳ app/controllers/authentication_controller.rb:5:in `login'
Completed 500 Internal Server Error in 383ms (ActiveRecord: 0.4ms | Allocations: 37405)


  
NoMethodError (undefined method `encode' for #<AuthenticationController:0x00007fc95b936300>):
  
app/controllers/authentication_controller.rb:7:in `login'
Started POST "/users/" for ::1 at 2019-09-21 16:15:54 -0400
Processing by UsersController#create as HTML
  Parameters: {"user"=>{"username"=>"test", "email"=>"g@gmail.com", "password"=>"[FILTERED]"}}
  [1m[35m (0.3ms)[0m  [1m[35mBEGIN[0m
  ↳ app/controllers/users_controller.rb:21:in `create'
  [1m[36mUser Exists? (0.5ms)[0m  [1m[34mSELECT 1 AS one FROM "users" WHERE "users"."username" = $1 LIMIT $2[0m  [["username", "test"], ["LIMIT", 1]]
  ↳ app/controllers/users_controller.rb:21:in `create'
  [1m[36mUser Exists? (0.5ms)[0m  [1m[34mSELECT 1 AS one FROM "users" WHERE "users"."email" = $1 LIMIT $2[0m  [["email", "g@gmail.com"], ["LIMIT", 1]]
  ↳ app/controllers/users_controller.rb:21:in `create'
  [1m[36mUser Create (0.8ms)[0m  [1m[32mINSERT INTO "users" ("username", "email", "password_digest", "created_at", "updated_at") VALUES ($1, $2, $3, $4, $5) RETURNING "id"[0m  [["username", "test"], ["email", "g@gmail.com"], ["password_digest", "$2a$12$j3h2OqbNOGsn4ZCKPFFMpO3LQXVt6032J54c8QFP7x0DMGW552hIe"], ["created_at", "2019-09-21 20:15:54.330456"], ["updated_at", "2019-09-21 20:15:54.330456"]]
  ↳ app/controllers/users_controller.rb:21:in `create'
  [1m[35m (1.3ms)[0m  [1m[35mCOMMIT[0m
  ↳ app/controllers/users_controller.rb:21:in `create'
Completed 201 Created in 298ms (Views: 2.9ms | ActiveRecord: 3.4ms | Allocations: 5052)


Started POST "/auth/login" for ::1 at 2019-09-21 16:15:54 -0400
Processing by AuthenticationController#login as HTML
  Parameters: {"username"=>"test", "email"=>"g@gmail.com", "password"=>"[FILTERED]", "authentication"=>{"username"=>"test", "email"=>"g@gmail.com", "password"=>"[FILTERED]"}}
  [1m[36mUser Load (0.3ms)[0m  [1m[34mSELECT "users".* FROM "users" WHERE "users"."username" = $1 LIMIT $2[0m  [["username", "test"], ["LIMIT", 1]]
  ↳ app/controllers/authentication_controller.rb:5:in `login'
Completed 500 Internal Server Error in 400ms (ActiveRecord: 0.3ms | Allocations: 37391)


  
NoMethodError (undefined method `encode' for #<AuthenticationController:0x00007fc95baace00>):
  
app/controllers/authentication_controller.rb:7:in `login'
Started POST "/auth/login" for ::1 at 2019-09-21 16:26:49 -0400
Processing by AuthenticationController#login as HTML
  Parameters: {"username"=>"Jorge", "email"=>"", "password"=>"[FILTERED]", "authentication"=>{"username"=>"Jorge", "email"=>"", "password"=>"[FILTERED]"}}
  [1m[36mUser Load (0.6ms)[0m  [1m[34mSELECT "users".* FROM "users" WHERE "users"."username" = $1 LIMIT $2[0m  [["username", "Jorge"], ["LIMIT", 1]]
  ↳ app/controllers/authentication_controller.rb:5:in `login'
Completed 401 Unauthorized in 291ms (Views: 0.2ms | ActiveRecord: 0.8ms | Allocations: 764)


Started POST "/auth/login" for ::1 at 2019-09-21 16:30:12 -0400
Processing by AuthenticationController#login as HTML
  Parameters: {"username"=>"Jorge", "email"=>"", "password"=>"[FILTERED]", "authentication"=>{"username"=>"Jorge", "email"=>"", "password"=>"[FILTERED]"}}
  [1m[36mUser Load (0.4ms)[0m  [1m[34mSELECT "users".* FROM "users" WHERE "users"."username" = $1 LIMIT $2[0m  [["username", "Jorge"], ["LIMIT", 1]]
  ↳ app/controllers/authentication_controller.rb:5:in `login'
Completed 200 OK in 303ms (Views: 0.2ms | ActiveRecord: 7.1ms | Allocations: 6068)


Started POST "/auth/login" for ::1 at 2019-09-21 16:31:49 -0400
Processing by AuthenticationController#login as HTML
  Parameters: {"username"=>"Jorge", "email"=>"", "password"=>"[FILTERED]", "authentication"=>{"username"=>"Jorge", "email"=>"", "password"=>"[FILTERED]"}}
  [1m[36mUser Load (0.3ms)[0m  [1m[34mSELECT "users".* FROM "users" WHERE "users"."username" = $1 LIMIT $2[0m  [["username", "Jorge"], ["LIMIT", 1]]
  ↳ app/controllers/authentication_controller.rb:5:in `login'
Completed 200 OK in 273ms (Views: 0.3ms | ActiveRecord: 0.3ms | Allocations: 757)


Started POST "/auth/login" for ::1 at 2019-09-21 16:32:25 -0400
Processing by AuthenticationController#login as HTML
  Parameters: {"username"=>"Jorge", "email"=>"", "password"=>"[FILTERED]", "authentication"=>{"username"=>"Jorge", "email"=>"", "password"=>"[FILTERED]"}}
  [1m[36mUser Load (0.4ms)[0m  [1m[34mSELECT "users".* FROM "users" WHERE "users"."username" = $1 LIMIT $2[0m  [["username", "Jorge"], ["LIMIT", 1]]
  ↳ app/controllers/authentication_controller.rb:5:in `login'
Completed 200 OK in 287ms (Views: 0.1ms | ActiveRecord: 0.4ms | Allocations: 757)


Started POST "/users/" for ::1 at 2019-09-21 16:32:44 -0400
Processing by UsersController#create as HTML
  Parameters: {"user"=>{"username"=>"CodeSonder", "email"=>"kitty@gmail.com", "password"=>"[FILTERED]"}}
  [1m[35m (0.2ms)[0m  [1m[35mBEGIN[0m
  ↳ app/controllers/users_controller.rb:21:in `create'
  [1m[36mUser Exists? (0.5ms)[0m  [1m[34mSELECT 1 AS one FROM "users" WHERE "users"."username" = $1 LIMIT $2[0m  [["username", "CodeSonder"], ["LIMIT", 1]]
  ↳ app/controllers/users_controller.rb:21:in `create'
  [1m[36mUser Exists? (0.5ms)[0m  [1m[34mSELECT 1 AS one FROM "users" WHERE "users"."email" = $1 LIMIT $2[0m  [["email", "kitty@gmail.com"], ["LIMIT", 1]]
  ↳ app/controllers/users_controller.rb:21:in `create'
  [1m[36mUser Create (1.5ms)[0m  [1m[32mINSERT INTO "users" ("username", "email", "password_digest", "created_at", "updated_at") VALUES ($1, $2, $3, $4, $5) RETURNING "id"[0m  [["username", "CodeSonder"], ["email", "kitty@gmail.com"], ["password_digest", "$2a$12$LtiqkFapJUFjCmbQ12UHr.bx4fo4RNfGF7ekHAGmFkGZ2NBysfUey"], ["created_at", "2019-09-21 20:32:44.587241"], ["updated_at", "2019-09-21 20:32:44.587241"]]
  ↳ app/controllers/users_controller.rb:21:in `create'
  [1m[35m (1.5ms)[0m  [1m[35mCOMMIT[0m
  ↳ app/controllers/users_controller.rb:21:in `create'
Completed 201 Created in 291ms (Views: 0.9ms | ActiveRecord: 4.2ms | Allocations: 4732)


Started POST "/auth/login" for ::1 at 2019-09-21 16:32:44 -0400
Processing by AuthenticationController#login as HTML
  Parameters: {"username"=>"CodeSonder", "email"=>"kitty@gmail.com", "password"=>"[FILTERED]", "authentication"=>{"username"=>"CodeSonder", "email"=>"kitty@gmail.com", "password"=>"[FILTERED]"}}
  [1m[36mUser Load (0.3ms)[0m  [1m[34mSELECT "users".* FROM "users" WHERE "users"."username" = $1 LIMIT $2[0m  [["username", "CodeSonder"], ["LIMIT", 1]]
  ↳ app/controllers/authentication_controller.rb:5:in `login'
Completed 200 OK in 271ms (Views: 0.2ms | ActiveRecord: 0.3ms | Allocations: 759)


Started POST "/auth/login" for ::1 at 2019-09-21 17:43:06 -0400
Processing by AuthenticationController#login as HTML
  Parameters: {"username"=>"Jorge", "email"=>"", "password"=>"[FILTERED]", "authentication"=>{"username"=>"Jorge", "email"=>"", "password"=>"[FILTERED]"}}
  [1m[36mUser Load (0.7ms)[0m  [1m[34mSELECT "users".* FROM "users" WHERE "users"."username" = $1 LIMIT $2[0m  [["username", "Jorge"], ["LIMIT", 1]]
  ↳ app/controllers/authentication_controller.rb:5:in `login'
Completed 200 OK in 293ms (Views: 0.2ms | ActiveRecord: 1.0ms | Allocations: 843)


Started POST "/auth/login" for ::1 at 2019-09-21 17:44:33 -0400
Processing by AuthenticationController#login as HTML
  Parameters: {"username"=>"Jorge", "email"=>"", "password"=>"[FILTERED]", "authentication"=>{"username"=>"Jorge", "email"=>"", "password"=>"[FILTERED]"}}
  [1m[36mUser Load (1.5ms)[0m  [1m[34mSELECT "users".* FROM "users" WHERE "users"."username" = $1 LIMIT $2[0m  [["username", "Jorge"], ["LIMIT", 1]]
  ↳ app/controllers/authentication_controller.rb:5:in `login'
Completed 200 OK in 291ms (Views: 0.2ms | ActiveRecord: 1.5ms | Allocations: 757)


Started POST "/auth/login" for ::1 at 2019-09-21 18:12:50 -0400
Processing by AuthenticationController#login as HTML
  Parameters: {"username"=>"Jorge", "email"=>"", "password"=>"[FILTERED]", "authentication"=>{"username"=>"Jorge", "email"=>"", "password"=>"[FILTERED]"}}
  [1m[36mUser Load (0.7ms)[0m  [1m[34mSELECT "users".* FROM "users" WHERE "users"."username" = $1 LIMIT $2[0m  [["username", "Jorge"], ["LIMIT", 1]]
  ↳ app/controllers/authentication_controller.rb:5:in `login'
Completed 200 OK in 286ms (Views: 0.2ms | ActiveRecord: 1.0ms | Allocations: 845)


Started POST "/auth/login" for ::1 at 2019-09-21 18:14:38 -0400
Processing by AuthenticationController#login as HTML
  Parameters: {"username"=>"Jorge", "email"=>"", "password"=>"[FILTERED]", "authentication"=>{"username"=>"Jorge", "email"=>"", "password"=>"[FILTERED]"}}
  [1m[36mUser Load (0.4ms)[0m  [1m[34mSELECT "users".* FROM "users" WHERE "users"."username" = $1 LIMIT $2[0m  [["username", "Jorge"], ["LIMIT", 1]]
  ↳ app/controllers/authentication_controller.rb:5:in `login'
Completed 200 OK in 291ms (Views: 0.1ms | ActiveRecord: 0.4ms | Allocations: 757)


Started GET "/users/verify" for ::1 at 2019-09-21 18:16:51 -0400
Processing by UsersController#show as HTML
  Parameters: {"id"=>"verify"}
Completed 500 Internal Server Error in 195ms (ActiveRecord: 0.0ms | Allocations: 35671)


  
NoMethodError (undefined method `decode' for #<UsersController:0x00007fc95bb10d60>):
  
app/controllers/application_controller.rb:6:in `authorize_request'
Started POST "/auth/login" for ::1 at 2019-09-21 18:17:02 -0400
Processing by AuthenticationController#login as HTML
  Parameters: {"username"=>"Jorge", "email"=>"", "password"=>"[FILTERED]", "authentication"=>{"username"=>"Jorge", "email"=>"", "password"=>"[FILTERED]"}}
  [1m[36mUser Load (0.4ms)[0m  [1m[34mSELECT "users".* FROM "users" WHERE "users"."username" = $1 LIMIT $2[0m  [["username", "Jorge"], ["LIMIT", 1]]
  ↳ app/controllers/authentication_controller.rb:5:in `login'
Completed 200 OK in 286ms (Views: 0.2ms | ActiveRecord: 0.4ms | Allocations: 756)


Started GET "/users/verify" for ::1 at 2019-09-21 18:22:56 -0400
Processing by UsersController#show as HTML
  Parameters: {"id"=>"verify"}
Completed 500 Internal Server Error in 90ms (ActiveRecord: 0.0ms | Allocations: 35694)


  
NoMethodError (undefined method `decode' for #<UsersController:0x00007fc95bcbc998>):
  
app/controllers/application_controller.rb:6:in `authorize_request'
Started GET "/users/verify" for ::1 at 2019-09-21 18:23:11 -0400
Processing by UsersController#show as HTML
  Parameters: {"id"=>"verify"}
Completed 500 Internal Server Error in 249ms (ActiveRecord: 0.0ms | Allocations: 35665)


  
NoMethodError (undefined method `decode' for #<UsersController:0x00007fc95bce4d58>):
  
app/controllers/application_controller.rb:6:in `authorize_request'
Started GET "/users/verify" for ::1 at 2019-09-21 18:23:18 -0400
Processing by UsersController#show as HTML
  Parameters: {"id"=>"verify"}
Completed 500 Internal Server Error in 178ms (ActiveRecord: 0.0ms | Allocations: 35660)


  
NoMethodError (undefined method `decode' for #<UsersController:0x00007fc958db2c60>):
  
app/controllers/application_controller.rb:6:in `authorize_request'
Started GET "/users/verify" for ::1 at 2019-09-21 18:23:26 -0400
Processing by UsersController#show as HTML
  Parameters: {"id"=>"verify"}
Completed 500 Internal Server Error in 293ms (ActiveRecord: 0.0ms | Allocations: 35660)


  
NoMethodError (undefined method `decode' for #<UsersController:0x00007fc95a18ae18>):
  
app/controllers/application_controller.rb:6:in `authorize_request'
Started POST "/auth/login" for ::1 at 2019-09-21 18:23:33 -0400
Processing by AuthenticationController#login as HTML
  [1m[36mUser Load (1.0ms)[0m  [1m[34mSELECT "users".* FROM "users" WHERE "users"."username" IS NULL LIMIT $1[0m  [["LIMIT", 1]]
  ↳ app/controllers/authentication_controller.rb:5:in `login'
Completed 500 Internal Server Error in 18ms (ActiveRecord: 1.5ms | Allocations: 2882)


  
NoMethodError (undefined method `authenticate' for nil:NilClass):
  
app/controllers/authentication_controller.rb:6:in `login'
Started GET "/users/verify" for ::1 at 2019-09-21 18:26:03 -0400
Processing by UsersController#show as HTML
  Parameters: {"id"=>"verify"}
Completed 500 Internal Server Error in 125ms (ActiveRecord: 0.0ms | Allocations: 35660)


  
NoMethodError (undefined method `decode' for #<UsersController:0x00007fc958e896e8>):
  
app/controllers/application_controller.rb:6:in `authorize_request'
Started GET "/users/verify" for ::1 at 2019-09-21 18:26:12 -0400
Processing by UsersController#show as HTML
  Parameters: {"id"=>"verify"}
Completed 500 Internal Server Error in 153ms (ActiveRecord: 0.0ms | Allocations: 35660)


  
NoMethodError (undefined method `decode' for #<UsersController:0x00007fc95b9b8260>):
  
app/controllers/application_controller.rb:6:in `authorize_request'
Started POST "/auth/login" for ::1 at 2019-09-21 18:26:20 -0400
Processing by AuthenticationController#login as HTML
  Parameters: {"username"=>"Jorge", "email"=>"", "password"=>"[FILTERED]", "authentication"=>{"username"=>"Jorge", "email"=>"", "password"=>"[FILTERED]"}}
  [1m[36mUser Load (0.4ms)[0m  [1m[34mSELECT "users".* FROM "users" WHERE "users"."username" = $1 LIMIT $2[0m  [["username", "Jorge"], ["LIMIT", 1]]
  ↳ app/controllers/authentication_controller.rb:5:in `login'
Completed 200 OK in 304ms (Views: 0.2ms | ActiveRecord: 0.4ms | Allocations: 5881)


Started POST "/auth/login" for ::1 at 2019-09-21 18:27:29 -0400
Processing by AuthenticationController#login as HTML
  Parameters: {"username"=>"Jorge", "email"=>"", "password"=>"[FILTERED]", "authentication"=>{"username"=>"Jorge", "email"=>"", "password"=>"[FILTERED]"}}
  [1m[36mUser Load (0.4ms)[0m  [1m[34mSELECT "users".* FROM "users" WHERE "users"."username" = $1 LIMIT $2[0m  [["username", "Jorge"], ["LIMIT", 1]]
  ↳ app/controllers/authentication_controller.rb:5:in `login'
Completed 200 OK in 317ms (Views: 0.1ms | ActiveRecord: 0.4ms | Allocations: 757)


Started POST "/auth/login" for ::1 at 2019-09-21 18:30:02 -0400
Processing by AuthenticationController#login as HTML
  Parameters: {"username"=>"", "email"=>"", "password"=>"[FILTERED]", "authentication"=>{"username"=>"", "email"=>"", "password"=>"[FILTERED]"}}
  [1m[36mUser Load (0.3ms)[0m  [1m[34mSELECT "users".* FROM "users" WHERE "users"."username" = $1 LIMIT $2[0m  [["username", ""], ["LIMIT", 1]]
  ↳ app/controllers/authentication_controller.rb:5:in `login'
Completed 500 Internal Server Error in 3ms (ActiveRecord: 0.3ms | Allocations: 1011)


  
NoMethodError (undefined method `authenticate' for nil:NilClass):
  
app/controllers/authentication_controller.rb:6:in `login'
Started POST "/auth/login" for ::1 at 2019-09-21 18:30:15 -0400
Processing by AuthenticationController#login as HTML
  Parameters: {"username"=>"Jorge", "email"=>"", "password"=>"[FILTERED]", "authentication"=>{"username"=>"Jorge", "email"=>"", "password"=>"[FILTERED]"}}
  [1m[36mUser Load (0.3ms)[0m  [1m[34mSELECT "users".* FROM "users" WHERE "users"."username" = $1 LIMIT $2[0m  [["username", "Jorge"], ["LIMIT", 1]]
  ↳ app/controllers/authentication_controller.rb:5:in `login'
Completed 200 OK in 349ms (Views: 0.6ms | ActiveRecord: 0.3ms | Allocations: 756)


Started POST "/auth/login" for ::1 at 2019-09-21 18:31:28 -0400
Processing by AuthenticationController#login as HTML
  Parameters: {"username"=>"Jorge", "email"=>"", "password"=>"[FILTERED]", "authentication"=>{"username"=>"Jorge", "email"=>"", "password"=>"[FILTERED]"}}
  [1m[36mUser Load (0.4ms)[0m  [1m[34mSELECT "users".* FROM "users" WHERE "users"."username" = $1 LIMIT $2[0m  [["username", "Jorge"], ["LIMIT", 1]]
  ↳ app/controllers/authentication_controller.rb:5:in `login'
Completed 200 OK in 298ms (Views: 0.2ms | ActiveRecord: 6.2ms | Allocations: 5923)


Started POST "/auth/login" for ::1 at 2019-09-21 18:33:04 -0400
Processing by AuthenticationController#login as HTML
  Parameters: {"username"=>"Jorge", "email"=>"", "password"=>"[FILTERED]", "authentication"=>{"username"=>"Jorge", "email"=>"", "password"=>"[FILTERED]"}}
  [1m[36mUser Load (0.4ms)[0m  [1m[34mSELECT "users".* FROM "users" WHERE "users"."username" = $1 LIMIT $2[0m  [["username", "Jorge"], ["LIMIT", 1]]
  ↳ app/controllers/authentication_controller.rb:5:in `login'
Completed 200 OK in 319ms (Views: 0.2ms | ActiveRecord: 4.4ms | Allocations: 5867)


Started POST "/auth/login" for ::1 at 2019-09-21 18:36:04 -0400
Processing by AuthenticationController#login as HTML
  Parameters: {"username"=>"Jorge", "email"=>"", "password"=>"[FILTERED]", "authentication"=>{"username"=>"Jorge", "email"=>"", "password"=>"[FILTERED]"}}
  [1m[36mUser Load (0.4ms)[0m  [1m[34mSELECT "users".* FROM "users" WHERE "users"."username" = $1 LIMIT $2[0m  [["username", "Jorge"], ["LIMIT", 1]]
  ↳ app/controllers/authentication_controller.rb:5:in `login'
Completed 200 OK in 279ms (Views: 0.1ms | ActiveRecord: 0.4ms | Allocations: 757)


Started POST "/auth/login" for ::1 at 2019-09-21 18:37:41 -0400
Processing by AuthenticationController#login as HTML
  Parameters: {"username"=>"Jorge", "email"=>"", "password"=>"[FILTERED]", "authentication"=>{"username"=>"Jorge", "email"=>"", "password"=>"[FILTERED]"}}
  [1m[36mUser Load (0.6ms)[0m  [1m[34mSELECT "users".* FROM "users" WHERE "users"."username" = $1 LIMIT $2[0m  [["username", "Jorge"], ["LIMIT", 1]]
  ↳ app/controllers/authentication_controller.rb:5:in `login'
Completed 200 OK in 289ms (Views: 0.1ms | ActiveRecord: 0.6ms | Allocations: 757)


Started POST "/auth/login" for ::1 at 2019-09-21 18:40:07 -0400
Processing by AuthenticationController#login as */*
  Parameters: {"username"=>"Jorge", "email"=>"", "password"=>"[FILTERED]", "authentication"=>{"username"=>"Jorge", "email"=>"", "password"=>"[FILTERED]"}}
  [1m[36mUser Load (0.4ms)[0m  [1m[34mSELECT "users".* FROM "users" WHERE "users"."username" = $1 LIMIT $2[0m  [["username", "Jorge"], ["LIMIT", 1]]
  ↳ app/controllers/authentication_controller.rb:5:in `login'
Completed 200 OK in 292ms (Views: 0.2ms | ActiveRecord: 0.4ms | Allocations: 761)


Started POST "/users/" for ::1 at 2019-09-21 18:43:16 -0400
Processing by UsersController#create as */*
  Parameters: {"user"=>{"username"=>"test", "email"=>"g@gmail.com", "password"=>"[FILTERED]"}}
  [1m[35m (0.7ms)[0m  [1m[35mBEGIN[0m
  ↳ app/controllers/users_controller.rb:21:in `create'
  [1m[36mUser Exists? (0.5ms)[0m  [1m[34mSELECT 1 AS one FROM "users" WHERE "users"."username" = $1 LIMIT $2[0m  [["username", "test"], ["LIMIT", 1]]
  ↳ app/controllers/users_controller.rb:21:in `create'
  [1m[36mUser Exists? (1.4ms)[0m  [1m[34mSELECT 1 AS one FROM "users" WHERE "users"."email" = $1 LIMIT $2[0m  [["email", "g@gmail.com"], ["LIMIT", 1]]
  ↳ app/controllers/users_controller.rb:21:in `create'
  [1m[35m (0.7ms)[0m  [1m[31mROLLBACK[0m
  ↳ app/controllers/users_controller.rb:21:in `create'
Completed 422 Unprocessable Entity in 303ms (Views: 0.3ms | ActiveRecord: 3.3ms | Allocations: 5542)


Started POST "/auth/login" for ::1 at 2019-09-21 18:43:16 -0400
Processing by AuthenticationController#login as */*
  Parameters: {"username"=>"test", "email"=>"g@gmail.com", "password"=>"[FILTERED]", "authentication"=>{"username"=>"test", "email"=>"g@gmail.com", "password"=>"[FILTERED]"}}
  [1m[36mUser Load (0.6ms)[0m  [1m[34mSELECT "users".* FROM "users" WHERE "users"."username" = $1 LIMIT $2[0m  [["username", "test"], ["LIMIT", 1]]
  ↳ app/controllers/authentication_controller.rb:5:in `login'
Completed 200 OK in 301ms (Views: 0.2ms | ActiveRecord: 0.6ms | Allocations: 759)


Started POST "/auth/login" for ::1 at 2019-09-21 18:43:35 -0400
Processing by AuthenticationController#login as */*
  Parameters: {"username"=>"test", "email"=>"g@gmail.com", "password"=>"[FILTERED]", "authentication"=>{"username"=>"test", "email"=>"g@gmail.com", "password"=>"[FILTERED]"}}
  [1m[36mUser Load (0.3ms)[0m  [1m[34mSELECT "users".* FROM "users" WHERE "users"."username" = $1 LIMIT $2[0m  [["username", "test"], ["LIMIT", 1]]
  ↳ app/controllers/authentication_controller.rb:5:in `login'
Completed 200 OK in 283ms (Views: 0.2ms | ActiveRecord: 0.3ms | Allocations: 759)


Started POST "/users/" for ::1 at 2019-09-21 18:44:26 -0400
Processing by UsersController#create as */*
  Parameters: {"user"=>{"username"=>"fuck", "email"=>"kitty@gmail.com", "password"=>"[FILTERED]"}}
  [1m[35m (0.2ms)[0m  [1m[35mBEGIN[0m
  ↳ app/controllers/users_controller.rb:21:in `create'
  [1m[36mUser Exists? (0.5ms)[0m  [1m[34mSELECT 1 AS one FROM "users" WHERE "users"."username" = $1 LIMIT $2[0m  [["username", "fuck"], ["LIMIT", 1]]
  ↳ app/controllers/users_controller.rb:21:in `create'
  [1m[36mUser Exists? (0.6ms)[0m  [1m[34mSELECT 1 AS one FROM "users" WHERE "users"."email" = $1 LIMIT $2[0m  [["email", "kitty@gmail.com"], ["LIMIT", 1]]
  ↳ app/controllers/users_controller.rb:21:in `create'
  [1m[35m (0.2ms)[0m  [1m[31mROLLBACK[0m
  ↳ app/controllers/users_controller.rb:21:in `create'
Completed 422 Unprocessable Entity in 291ms (Views: 0.2ms | ActiveRecord: 1.5ms | Allocations: 3805)


Started POST "/auth/login" for ::1 at 2019-09-21 18:44:27 -0400
Processing by AuthenticationController#login as */*
  Parameters: {"username"=>"fuck", "email"=>"kitty@gmail.com", "password"=>"[FILTERED]", "authentication"=>{"username"=>"fuck", "email"=>"kitty@gmail.com", "password"=>"[FILTERED]"}}
  [1m[36mUser Load (0.8ms)[0m  [1m[34mSELECT "users".* FROM "users" WHERE "users"."username" = $1 LIMIT $2[0m  [["username", "fuck"], ["LIMIT", 1]]
  ↳ app/controllers/authentication_controller.rb:5:in `login'
Completed 500 Internal Server Error in 6ms (ActiveRecord: 0.8ms | Allocations: 1014)


  
NoMethodError (undefined method `authenticate' for nil:NilClass):
  
app/controllers/authentication_controller.rb:6:in `login'
Started POST "/users/" for ::1 at 2019-09-21 18:44:50 -0400
Processing by UsersController#create as */*
  Parameters: {"user"=>{"username"=>"CodeSonder", "email"=>"t3chnoboii@aol.com", "password"=>"[FILTERED]"}}
  [1m[35m (0.2ms)[0m  [1m[35mBEGIN[0m
  ↳ app/controllers/users_controller.rb:21:in `create'
  [1m[36mUser Exists? (0.5ms)[0m  [1m[34mSELECT 1 AS one FROM "users" WHERE "users"."username" = $1 LIMIT $2[0m  [["username", "CodeSonder"], ["LIMIT", 1]]
  ↳ app/controllers/users_controller.rb:21:in `create'
  [1m[36mUser Exists? (0.5ms)[0m  [1m[34mSELECT 1 AS one FROM "users" WHERE "users"."email" = $1 LIMIT $2[0m  [["email", "t3chnoboii@aol.com"], ["LIMIT", 1]]
  ↳ app/controllers/users_controller.rb:21:in `create'
  [1m[35m (0.3ms)[0m  [1m[31mROLLBACK[0m
  ↳ app/controllers/users_controller.rb:21:in `create'
Completed 422 Unprocessable Entity in 288ms (Views: 0.2ms | ActiveRecord: 1.5ms | Allocations: 3809)


Started POST "/auth/login" for ::1 at 2019-09-21 18:44:50 -0400
Processing by AuthenticationController#login as */*
  Parameters: {"username"=>"CodeSonder", "email"=>"t3chnoboii@aol.com", "password"=>"[FILTERED]", "authentication"=>{"username"=>"CodeSonder", "email"=>"t3chnoboii@aol.com", "password"=>"[FILTERED]"}}
  [1m[36mUser Load (0.3ms)[0m  [1m[34mSELECT "users".* FROM "users" WHERE "users"."username" = $1 LIMIT $2[0m  [["username", "CodeSonder"], ["LIMIT", 1]]
  ↳ app/controllers/authentication_controller.rb:5:in `login'
Completed 200 OK in 319ms (Views: 0.1ms | ActiveRecord: 0.3ms | Allocations: 763)


Started POST "/auth/login" for ::1 at 2019-09-21 18:45:09 -0400
Processing by AuthenticationController#login as */*
  Parameters: {"username"=>"CodeSonder", "email"=>"t3chnoboii@aol.com", "password"=>"[FILTERED]", "authentication"=>{"username"=>"CodeSonder", "email"=>"t3chnoboii@aol.com", "password"=>"[FILTERED]"}}
  [1m[36mUser Load (0.3ms)[0m  [1m[34mSELECT "users".* FROM "users" WHERE "users"."username" = $1 LIMIT $2[0m  [["username", "CodeSonder"], ["LIMIT", 1]]
  ↳ app/controllers/authentication_controller.rb:5:in `login'
Completed 200 OK in 295ms (Views: 0.1ms | ActiveRecord: 0.3ms | Allocations: 759)


Started POST "/users/" for ::1 at 2019-09-21 18:45:31 -0400
Processing by UsersController#create as */*
  Parameters: {"user"=>{"username"=>"hoe", "email"=>"kitty@gmail.com", "password"=>"[FILTERED]"}}
  [1m[35m (0.2ms)[0m  [1m[35mBEGIN[0m
  ↳ app/controllers/users_controller.rb:21:in `create'
  [1m[36mUser Exists? (0.6ms)[0m  [1m[34mSELECT 1 AS one FROM "users" WHERE "users"."username" = $1 LIMIT $2[0m  [["username", "hoe"], ["LIMIT", 1]]
  ↳ app/controllers/users_controller.rb:21:in `create'
  [1m[36mUser Exists? (0.4ms)[0m  [1m[34mSELECT 1 AS one FROM "users" WHERE "users"."email" = $1 LIMIT $2[0m  [["email", "kitty@gmail.com"], ["LIMIT", 1]]
  ↳ app/controllers/users_controller.rb:21:in `create'
  [1m[35m (0.3ms)[0m  [1m[31mROLLBACK[0m
  ↳ app/controllers/users_controller.rb:21:in `create'
Completed 422 Unprocessable Entity in 287ms (Views: 0.3ms | ActiveRecord: 1.4ms | Allocations: 3806)


Started POST "/auth/login" for ::1 at 2019-09-21 18:45:32 -0400
Processing by AuthenticationController#login as */*
  Parameters: {"username"=>"hoe", "email"=>"kitty@gmail.com", "password"=>"[FILTERED]", "authentication"=>{"username"=>"hoe", "email"=>"kitty@gmail.com", "password"=>"[FILTERED]"}}
  [1m[36mUser Load (0.4ms)[0m  [1m[34mSELECT "users".* FROM "users" WHERE "users"."username" = $1 LIMIT $2[0m  [["username", "hoe"], ["LIMIT", 1]]
  ↳ app/controllers/authentication_controller.rb:5:in `login'
Completed 500 Internal Server Error in 4ms (ActiveRecord: 0.4ms | Allocations: 1013)


  
NoMethodError (undefined method `authenticate' for nil:NilClass):
  
app/controllers/authentication_controller.rb:6:in `login'
Started POST "/users/" for ::1 at 2019-09-21 18:45:43 -0400
Processing by UsersController#create as */*
  Parameters: {"user"=>{"username"=>"hoe", "email"=>"mike@gmail.com", "password"=>"[FILTERED]"}}
  [1m[35m (0.2ms)[0m  [1m[35mBEGIN[0m
  ↳ app/controllers/users_controller.rb:21:in `create'
  [1m[36mUser Exists? (0.5ms)[0m  [1m[34mSELECT 1 AS one FROM "users" WHERE "users"."username" = $1 LIMIT $2[0m  [["username", "hoe"], ["LIMIT", 1]]
  ↳ app/controllers/users_controller.rb:21:in `create'
  [1m[36mUser Exists? (0.4ms)[0m  [1m[34mSELECT 1 AS one FROM "users" WHERE "users"."email" = $1 LIMIT $2[0m  [["email", "mike@gmail.com"], ["LIMIT", 1]]
  ↳ app/controllers/users_controller.rb:21:in `create'
  [1m[36mUser Create (0.6ms)[0m  [1m[32mINSERT INTO "users" ("username", "email", "password_digest", "created_at", "updated_at") VALUES ($1, $2, $3, $4, $5) RETURNING "id"[0m  [["username", "hoe"], ["email", "mike@gmail.com"], ["password_digest", "$2a$12$hUHQE0V1E2PtIcK9In9A1.iO0.N7G2FLkKCli63Vb7KOZI4/958Lu"], ["created_at", "2019-09-21 22:45:43.612963"], ["updated_at", "2019-09-21 22:45:43.612963"]]
  ↳ app/controllers/users_controller.rb:21:in `create'
  [1m[35m (1.2ms)[0m  [1m[35mCOMMIT[0m
  ↳ app/controllers/users_controller.rb:21:in `create'
Completed 201 Created in 292ms (Views: 0.6ms | ActiveRecord: 2.9ms | Allocations: 4438)


Started POST "/auth/login" for ::1 at 2019-09-21 18:45:43 -0400
Processing by AuthenticationController#login as */*
  Parameters: {"username"=>"hoe", "email"=>"mike@gmail.com", "password"=>"[FILTERED]", "authentication"=>{"username"=>"hoe", "email"=>"mike@gmail.com", "password"=>"[FILTERED]"}}
  [1m[36mUser Load (0.4ms)[0m  [1m[34mSELECT "users".* FROM "users" WHERE "users"."username" = $1 LIMIT $2[0m  [["username", "hoe"], ["LIMIT", 1]]
  ↳ app/controllers/authentication_controller.rb:5:in `login'
Completed 200 OK in 284ms (Views: 0.2ms | ActiveRecord: 0.4ms | Allocations: 759)


